Build started 4/16/2017 10:52:10 PM.
     1>Project "D:\Documents\StarcraftBots\OpprimoBot-master\SCProjects\OpprimoBot\OpprimoBot.vcxproj" on node 2 (Build target(s)).
     1>ClCompile:
         C:\Program Files (x86)\Microsoft Visual Studio 12.0\VC\bin\CL.exe /c /I../include /Zi /nologo /W3 /WX- /O2 /Oi /Oy- /GL /D NOMINMAX /D WIN32 /D NDEBUG /D _WINDOWS /D _USRDLL /D EXAMPLEAIMODULE_EXPORTS /D _WINDLL /Gm- /EHsc /MD /GS /Gy /fp:precise /Zc:wchar_t /Zc:forScope /Fo"Release\\" /Fd"Release\vc120.pdb" /FR"Release\\" /Gd /TP /analyze- /errorReport:prompt Source\Pathfinding\NavigationAgent.cpp
         NavigationAgent.cpp
     1>C:\Program Files (x86)\MSBuild\Microsoft.Cpp\v4.0\V120\Microsoft.CppBuild.targets(1193,5): warning MSB8012: TargetPath(D:\Documents\StarcraftBots\OpprimoBot-master\SCProjects\Release\OpprimoBot.dll) does not match the Linker's OutputFile property value (D:\Documents\StarcraftBots\bwapi-data\AI\OpprimoBot.dll). This may cause your project to build incorrectly. To correct this, please make sure that $(OutDir), $(TargetName) and $(TargetExt) property values match the value specified in %(Link.OutputFile).
       Link:
         C:\Program Files (x86)\Microsoft Visual Studio 12.0\VC\bin\link.exe /ERRORREPORT:PROMPT /OUT:"../../../bwapi-data/AI/OpprimoBot.dll" /INCREMENTAL:NO /NOLOGO ../lib/BWAPI.lib ../lib/BWTA.lib "../lib/libCGAL-vc120-mt-4.4.lib" "../lib/libboost_thread-vc120-mt-1_56.lib" "../lib/libboost_system-vc120-mt-1_56.lib" "../lib/libboost_filesystem-vc120-mt-1_56.lib" "../lib/libgmp-10.lib" "../lib/libmpfr-4.lib" kernel32.lib user32.lib gdi32.lib winspool.lib comdlg32.lib advapi32.lib shell32.lib ole32.lib oleaut32.lib uuid.lib odbc32.lib odbccp32.lib /MANIFEST /MANIFESTUAC:"level='asInvoker' uiAccess='false'" /manifest:embed /DEBUG /PDB:"D:\Documents\StarcraftBots\OpprimoBot-master\SCProjects\Release\OpprimoBot.pdb" /SUBSYSTEM:WINDOWS /OPT:REF /OPT:ICF /LTCG /TLBID:1 /DYNAMICBASE /NXCOMPAT /IMPLIB:"Release\OpprimoBot.lib" /MACHINE:X86 /SAFESEH /DLL Release\AIloop.obj
         Release\Commander.obj
         Release\ExplorationSquad.obj
         Release\ProtossMain.obj
         Release\RushSquad.obj
         Release\Squad.obj
         Release\StrategySelector.obj
         Release\TerranMain.obj
         Release\UnitSetup.obj
         Release\LurkerRush.obj
         Release\ZergMain.obj
         Release\Dll.obj
         Release\MapManager.obj
         Release\AgentFactory.obj
         Release\BaseAgent.obj
         Release\TargetingAgent.obj
         Release\WorkerAgent.obj
         Release\AgentManager.obj
         Release\BuildingPlacer.obj
         Release\BuildplanEntry.obj
         Release\Constructor.obj
         Release\ExplorationManager.obj
         Release\ResourceManager.obj
         Release\SpottedObject.obj
         Release\Upgrader.obj
         Release\OpprimoBot.obj
         Release\NavigationAgent.obj
         Release\Pathfinder.obj
         Release\PathObj.obj
         Release\PFFunctions.obj
         Release\NexusAgent.obj
         Release\RefineryAgent.obj
         Release\StructureAgent.obj
         Release\CommandCenterAgent.obj
         Release\ComsatAgent.obj
         Release\HatcheryAgent.obj
         Release\CarrierAgent.obj
         Release\CorsairAgent.obj
         Release\HighTemplarAgent.obj
         Release\ReaverAgent.obj
         Release\BattlecruiserAgent.obj
         Release\FirebatAgent.obj
         Release\GhostAgent.obj
         Release\MarineAgent.obj
         Release\MedicAgent.obj
         Release\ScienceVesselAgent.obj
         Release\SiegeTankAgent.obj
         Release\VultureAgent.obj
         Release\WraithAgent.obj
         Release\TransportAgent.obj
         Release\UnitAgent.obj
         Release\DefilerAgent.obj
         Release\HydraliskAgent.obj
         Release\LurkerAgent.obj
         Release\MutaliskAgent.obj
         Release\QueenAgent.obj
         Release\Config.obj
         Release\cthread.obj
         Release\FileReaderUtils.obj
         Release\Profiler.obj
         Release\ProfilerObj.obj
         Release\Statistics.obj
            Creating library Release\OpprimoBot.lib and object Release\OpprimoBot.exp
         Generating code
         Finished generating code
     1>BWAPI.lib(UnitType.obj) : warning LNK4099: PDB 'vc120.pdb' was not found with 'BWAPI.lib(UnitType.obj)' or at 'D:\Documents\StarcraftBots\OpprimoBot-master\SCProjects\Release\vc120.pdb'; linking object as if no debug info
     1>BWAPI.lib(Game.obj) : warning LNK4099: PDB 'vc120.pdb' was not found with 'BWAPI.lib(Game.obj)' or at 'D:\Documents\StarcraftBots\OpprimoBot-master\SCProjects\Release\vc120.pdb'; linking object as if no debug info
     1>BWAPI.lib(Color.obj) : warning LNK4099: PDB 'vc120.pdb' was not found with 'BWAPI.lib(Color.obj)' or at 'D:\Documents\StarcraftBots\OpprimoBot-master\SCProjects\Release\vc120.pdb'; linking object as if no debug info
     1>BWAPI.lib(UpgradeType.obj) : warning LNK4099: PDB 'vc120.pdb' was not found with 'BWAPI.lib(UpgradeType.obj)' or at 'D:\Documents\StarcraftBots\OpprimoBot-master\SCProjects\Release\vc120.pdb'; linking object as if no debug info
     1>BWAPI.lib(PositionUnit.obj) : warning LNK4099: PDB 'vc120.pdb' was not found with 'BWAPI.lib(PositionUnit.obj)' or at 'D:\Documents\StarcraftBots\OpprimoBot-master\SCProjects\Release\vc120.pdb'; linking object as if no debug info
     1>BWAPI.lib(Race.obj) : warning LNK4099: PDB 'vc120.pdb' was not found with 'BWAPI.lib(Race.obj)' or at 'D:\Documents\StarcraftBots\OpprimoBot-master\SCProjects\Release\vc120.pdb'; linking object as if no debug info
     1>BWAPI.lib(TechType.obj) : warning LNK4099: PDB 'vc120.pdb' was not found with 'BWAPI.lib(TechType.obj)' or at 'D:\Documents\StarcraftBots\OpprimoBot-master\SCProjects\Release\vc120.pdb'; linking object as if no debug info
     1>BWAPI.lib(Unit.obj) : warning LNK4099: PDB 'vc120.pdb' was not found with 'BWAPI.lib(Unit.obj)' or at 'D:\Documents\StarcraftBots\OpprimoBot-master\SCProjects\Release\vc120.pdb'; linking object as if no debug info
     1>BWAPI.lib(AIModule.obj) : warning LNK4099: PDB 'vc120.pdb' was not found with 'BWAPI.lib(AIModule.obj)' or at 'D:\Documents\StarcraftBots\OpprimoBot-master\SCProjects\Release\vc120.pdb'; linking object as if no debug info
     1>BWAPI.lib(WeaponType.obj) : warning LNK4099: PDB 'vc120.pdb' was not found with 'BWAPI.lib(WeaponType.obj)' or at 'D:\Documents\StarcraftBots\OpprimoBot-master\SCProjects\Release\vc120.pdb'; linking object as if no debug info
     1>BWAPI.lib(UnitSizeType.obj) : warning LNK4099: PDB 'vc120.pdb' was not found with 'BWAPI.lib(UnitSizeType.obj)' or at 'D:\Documents\StarcraftBots\OpprimoBot-master\SCProjects\Release\vc120.pdb'; linking object as if no debug info
     1>BWAPI.lib(DamageType.obj) : warning LNK4099: PDB 'vc120.pdb' was not found with 'BWAPI.lib(DamageType.obj)' or at 'D:\Documents\StarcraftBots\OpprimoBot-master\SCProjects\Release\vc120.pdb'; linking object as if no debug info
     1>BWAPI.lib(Unitset.obj) : warning LNK4099: PDB 'vc120.pdb' was not found with 'BWAPI.lib(Unitset.obj)' or at 'D:\Documents\StarcraftBots\OpprimoBot-master\SCProjects\Release\vc120.pdb'; linking object as if no debug info
     1>BWAPI.lib(Error.obj) : warning LNK4099: PDB 'vc120.pdb' was not found with 'BWAPI.lib(Error.obj)' or at 'D:\Documents\StarcraftBots\OpprimoBot-master\SCProjects\Release\vc120.pdb'; linking object as if no debug info
     1>BWAPI.lib(Position.obj) : warning LNK4099: PDB 'vc120.pdb' was not found with 'BWAPI.lib(Position.obj)' or at 'D:\Documents\StarcraftBots\OpprimoBot-master\SCProjects\Release\vc120.pdb'; linking object as if no debug info
     1>BWAPI.lib(Filters.obj) : warning LNK4099: PDB 'vc120.pdb' was not found with 'BWAPI.lib(Filters.obj)' or at 'D:\Documents\StarcraftBots\OpprimoBot-master\SCProjects\Release\vc120.pdb'; linking object as if no debug info
     1>BWAPI.lib(Player.obj) : warning LNK4099: PDB 'vc120.pdb' was not found with 'BWAPI.lib(Player.obj)' or at 'D:\Documents\StarcraftBots\OpprimoBot-master\SCProjects\Release\vc120.pdb'; linking object as if no debug info
     1>BWAPI.lib(Order.obj) : warning LNK4099: PDB 'vc120.pdb' was not found with 'BWAPI.lib(Order.obj)' or at 'D:\Documents\StarcraftBots\OpprimoBot-master\SCProjects\Release\vc120.pdb'; linking object as if no debug info
     1>BWAPI.lib(UnitCommand.obj) : warning LNK4099: PDB 'vc120.pdb' was not found with 'BWAPI.lib(UnitCommand.obj)' or at 'D:\Documents\StarcraftBots\OpprimoBot-master\SCProjects\Release\vc120.pdb'; linking object as if no debug info
     1>BWAPI.lib(ExplosionType.obj) : warning LNK4099: PDB 'vc120.pdb' was not found with 'BWAPI.lib(ExplosionType.obj)' or at 'D:\Documents\StarcraftBots\OpprimoBot-master\SCProjects\Release\vc120.pdb'; linking object as if no debug info
     1>BWAPI.lib(UnitCommandType.obj) : warning LNK4099: PDB 'vc120.pdb' was not found with 'BWAPI.lib(UnitCommandType.obj)' or at 'D:\Documents\StarcraftBots\OpprimoBot-master\SCProjects\Release\vc120.pdb'; linking object as if no debug info
         OpprimoBot.vcxproj -> D:\Documents\StarcraftBots\OpprimoBot-master\SCProjects\Release\OpprimoBot.dll
       BscMake:
         C:\Program Files (x86)\Microsoft Visual Studio 12.0\VC\bin\bscmake.exe /nologo /o"D:\Documents\StarcraftBots\OpprimoBot-master\SCProjects\Release\OpprimoBot.bsc" /n Release\AIloop.sbr Release\Commander.sbr Release\ExplorationSquad.sbr Release\ProtossMain.sbr Release\RushSquad.sbr Release\Squad.sbr Release\StrategySelector.sbr Release\TerranMain.sbr Release\UnitSetup.sbr Release\LurkerRush.sbr Release\ZergMain.sbr Release\Dll.sbr Release\MapManager.sbr Release\AgentFactory.sbr Release\BaseAgent.sbr Release\TargetingAgent.sbr Release\WorkerAgent.sbr Release\AgentManager.sbr Release\BuildingPlacer.sbr Release\BuildplanEntry.sbr Release\Constructor.sbr Release\ExplorationManager.sbr Release\ResourceManager.sbr Release\SpottedObject.sbr Release\Upgrader.sbr Release\OpprimoBot.sbr Release\NavigationAgent.sbr Release\Pathfinder.sbr Release\PathObj.sbr Release\PFFunctions.sbr Release\NexusAgent.sbr Release\RefineryAgent.sbr Release\StructureAgent.sbr Release\CommandCenterAgent.sbr Release\ComsatAgent.sbr Release\HatcheryAgent.sbr Release\CarrierAgent.sbr Release\CorsairAgent.sbr Release\HighTemplarAgent.sbr Release\ReaverAgent.sbr Release\BattlecruiserAgent.sbr Release\FirebatAgent.sbr Release\GhostAgent.sbr Release\MarineAgent.sbr Release\MedicAgent.sbr Release\ScienceVesselAgent.sbr Release\SiegeTankAgent.sbr Release\VultureAgent.sbr Release\WraithAgent.sbr Release\TransportAgent.sbr Release\UnitAgent.sbr Release\DefilerAgent.sbr Release\HydraliskAgent.sbr Release\LurkerAgent.sbr Release\MutaliskAgent.sbr Release\QueenAgent.sbr Release\Config.sbr Release\cthread.sbr Release\FileReaderUtils.sbr Release\Profiler.sbr Release\ProfilerObj.sbr Release\Statistics.sbr
     1>Done Building Project "D:\Documents\StarcraftBots\OpprimoBot-master\SCProjects\OpprimoBot\OpprimoBot.vcxproj" (Build target(s)).

Build succeeded.

Time Elapsed 00:00:20.69
