d:\documents\starcraftbots\opprimobot-master\scprojects\release\opprimobot.bsc
d:\documents\starcraftbots\opprimobot-master\scprojects\opprimobot\release\vc120.pdb
d:\documents\starcraftbots\opprimobot-master\scprojects\opprimobot\release\ailoop.sbr
d:\documents\starcraftbots\opprimobot-master\scprojects\opprimobot\release\commander.sbr
d:\documents\starcraftbots\opprimobot-master\scprojects\opprimobot\release\explorationsquad.sbr
d:\documents\starcraftbots\opprimobot-master\scprojects\opprimobot\release\protossmain.sbr
d:\documents\starcraftbots\opprimobot-master\scprojects\opprimobot\release\rushsquad.sbr
d:\documents\starcraftbots\opprimobot-master\scprojects\opprimobot\release\squad.sbr
d:\documents\starcraftbots\opprimobot-master\scprojects\opprimobot\release\strategyselector.sbr
d:\documents\starcraftbots\opprimobot-master\scprojects\opprimobot\release\terranmain.sbr
d:\documents\starcraftbots\opprimobot-master\scprojects\opprimobot\release\unitsetup.sbr
d:\documents\starcraftbots\opprimobot-master\scprojects\opprimobot\release\lurkerrush.sbr
d:\documents\starcraftbots\opprimobot-master\scprojects\opprimobot\release\zergmain.sbr
d:\documents\starcraftbots\opprimobot-master\scprojects\opprimobot\release\dll.sbr
d:\documents\starcraftbots\opprimobot-master\scprojects\opprimobot\release\mapmanager.sbr
d:\documents\starcraftbots\opprimobot-master\scprojects\opprimobot\release\agentfactory.sbr
d:\documents\starcraftbots\opprimobot-master\scprojects\opprimobot\release\baseagent.sbr
d:\documents\starcraftbots\opprimobot-master\scprojects\opprimobot\release\targetingagent.sbr
d:\documents\starcraftbots\opprimobot-master\scprojects\opprimobot\release\workeragent.sbr
d:\documents\starcraftbots\opprimobot-master\scprojects\opprimobot\release\agentmanager.sbr
d:\documents\starcraftbots\opprimobot-master\scprojects\opprimobot\release\buildingplacer.sbr
d:\documents\starcraftbots\opprimobot-master\scprojects\opprimobot\release\buildplanentry.sbr
d:\documents\starcraftbots\opprimobot-master\scprojects\opprimobot\release\buildplanentry.obj
d:\documents\starcraftbots\opprimobot-master\scprojects\opprimobot\release\buildingplacer.obj
d:\documents\starcraftbots\opprimobot-master\scprojects\opprimobot\release\agentmanager.obj
d:\documents\starcraftbots\opprimobot-master\scprojects\opprimobot\release\workeragent.obj
d:\documents\starcraftbots\opprimobot-master\scprojects\opprimobot\release\targetingagent.obj
d:\documents\starcraftbots\opprimobot-master\scprojects\opprimobot\release\baseagent.obj
d:\documents\starcraftbots\opprimobot-master\scprojects\opprimobot\release\agentfactory.obj
d:\documents\starcraftbots\opprimobot-master\scprojects\opprimobot\release\mapmanager.obj
d:\documents\starcraftbots\opprimobot-master\scprojects\opprimobot\release\dll.obj
d:\documents\starcraftbots\opprimobot-master\scprojects\opprimobot\release\zergmain.obj
d:\documents\starcraftbots\opprimobot-master\scprojects\opprimobot\release\lurkerrush.obj
d:\documents\starcraftbots\opprimobot-master\scprojects\opprimobot\release\unitsetup.obj
d:\documents\starcraftbots\opprimobot-master\scprojects\opprimobot\release\terranmain.obj
d:\documents\starcraftbots\opprimobot-master\scprojects\opprimobot\release\strategyselector.obj
d:\documents\starcraftbots\opprimobot-master\scprojects\opprimobot\release\squad.obj
d:\documents\starcraftbots\opprimobot-master\scprojects\opprimobot\release\rushsquad.obj
d:\documents\starcraftbots\opprimobot-master\scprojects\opprimobot\release\protossmain.obj
d:\documents\starcraftbots\opprimobot-master\scprojects\opprimobot\release\explorationsquad.obj
d:\documents\starcraftbots\opprimobot-master\scprojects\opprimobot\release\commander.obj
d:\documents\starcraftbots\opprimobot-master\scprojects\opprimobot\release\ailoop.obj
d:\documents\starcraftbots\opprimobot-master\scprojects\opprimobot\release\constructor.sbr
d:\documents\starcraftbots\opprimobot-master\scprojects\opprimobot\release\explorationmanager.sbr
d:\documents\starcraftbots\opprimobot-master\scprojects\opprimobot\release\resourcemanager.sbr
d:\documents\starcraftbots\opprimobot-master\scprojects\opprimobot\release\spottedobject.sbr
d:\documents\starcraftbots\opprimobot-master\scprojects\opprimobot\release\upgrader.sbr
d:\documents\starcraftbots\opprimobot-master\scprojects\opprimobot\release\opprimobot.sbr
d:\documents\starcraftbots\opprimobot-master\scprojects\opprimobot\release\navigationagent.sbr
d:\documents\starcraftbots\opprimobot-master\scprojects\opprimobot\release\pathfinder.sbr
d:\documents\starcraftbots\opprimobot-master\scprojects\opprimobot\release\pathobj.sbr
d:\documents\starcraftbots\opprimobot-master\scprojects\opprimobot\release\pffunctions.sbr
d:\documents\starcraftbots\opprimobot-master\scprojects\opprimobot\release\nexusagent.sbr
d:\documents\starcraftbots\opprimobot-master\scprojects\opprimobot\release\refineryagent.sbr
d:\documents\starcraftbots\opprimobot-master\scprojects\opprimobot\release\structureagent.sbr
d:\documents\starcraftbots\opprimobot-master\scprojects\opprimobot\release\commandcenteragent.sbr
d:\documents\starcraftbots\opprimobot-master\scprojects\opprimobot\release\comsatagent.sbr
d:\documents\starcraftbots\opprimobot-master\scprojects\opprimobot\release\hatcheryagent.sbr
d:\documents\starcraftbots\opprimobot-master\scprojects\opprimobot\release\carrieragent.sbr
d:\documents\starcraftbots\opprimobot-master\scprojects\opprimobot\release\corsairagent.sbr
d:\documents\starcraftbots\opprimobot-master\scprojects\opprimobot\release\hightemplaragent.sbr
d:\documents\starcraftbots\opprimobot-master\scprojects\opprimobot\release\reaveragent.sbr
d:\documents\starcraftbots\opprimobot-master\scprojects\opprimobot\release\reaveragent.obj
d:\documents\starcraftbots\opprimobot-master\scprojects\opprimobot\release\hightemplaragent.obj
d:\documents\starcraftbots\opprimobot-master\scprojects\opprimobot\release\corsairagent.obj
d:\documents\starcraftbots\opprimobot-master\scprojects\opprimobot\release\carrieragent.obj
d:\documents\starcraftbots\opprimobot-master\scprojects\opprimobot\release\hatcheryagent.obj
d:\documents\starcraftbots\opprimobot-master\scprojects\opprimobot\release\comsatagent.obj
d:\documents\starcraftbots\opprimobot-master\scprojects\opprimobot\release\commandcenteragent.obj
d:\documents\starcraftbots\opprimobot-master\scprojects\opprimobot\release\structureagent.obj
d:\documents\starcraftbots\opprimobot-master\scprojects\opprimobot\release\refineryagent.obj
d:\documents\starcraftbots\opprimobot-master\scprojects\opprimobot\release\nexusagent.obj
d:\documents\starcraftbots\opprimobot-master\scprojects\opprimobot\release\pffunctions.obj
d:\documents\starcraftbots\opprimobot-master\scprojects\opprimobot\release\pathobj.obj
d:\documents\starcraftbots\opprimobot-master\scprojects\opprimobot\release\pathfinder.obj
d:\documents\starcraftbots\opprimobot-master\scprojects\opprimobot\release\navigationagent.obj
d:\documents\starcraftbots\opprimobot-master\scprojects\opprimobot\release\opprimobot.obj
d:\documents\starcraftbots\opprimobot-master\scprojects\opprimobot\release\upgrader.obj
d:\documents\starcraftbots\opprimobot-master\scprojects\opprimobot\release\spottedobject.obj
d:\documents\starcraftbots\opprimobot-master\scprojects\opprimobot\release\resourcemanager.obj
d:\documents\starcraftbots\opprimobot-master\scprojects\opprimobot\release\explorationmanager.obj
d:\documents\starcraftbots\opprimobot-master\scprojects\opprimobot\release\constructor.obj
d:\documents\starcraftbots\opprimobot-master\scprojects\opprimobot\release\battlecruiseragent.sbr
d:\documents\starcraftbots\opprimobot-master\scprojects\opprimobot\release\firebatagent.sbr
d:\documents\starcraftbots\opprimobot-master\scprojects\opprimobot\release\ghostagent.sbr
d:\documents\starcraftbots\opprimobot-master\scprojects\opprimobot\release\marineagent.sbr
d:\documents\starcraftbots\opprimobot-master\scprojects\opprimobot\release\medicagent.sbr
d:\documents\starcraftbots\opprimobot-master\scprojects\opprimobot\release\sciencevesselagent.sbr
d:\documents\starcraftbots\opprimobot-master\scprojects\opprimobot\release\siegetankagent.sbr
d:\documents\starcraftbots\opprimobot-master\scprojects\opprimobot\release\vultureagent.sbr
d:\documents\starcraftbots\opprimobot-master\scprojects\opprimobot\release\wraithagent.sbr
d:\documents\starcraftbots\opprimobot-master\scprojects\opprimobot\release\transportagent.sbr
d:\documents\starcraftbots\opprimobot-master\scprojects\opprimobot\release\unitagent.sbr
d:\documents\starcraftbots\opprimobot-master\scprojects\opprimobot\release\defileragent.sbr
d:\documents\starcraftbots\opprimobot-master\scprojects\opprimobot\release\hydraliskagent.sbr
d:\documents\starcraftbots\opprimobot-master\scprojects\opprimobot\release\lurkeragent.sbr
d:\documents\starcraftbots\opprimobot-master\scprojects\opprimobot\release\mutaliskagent.sbr
d:\documents\starcraftbots\opprimobot-master\scprojects\opprimobot\release\queenagent.sbr
d:\documents\starcraftbots\opprimobot-master\scprojects\opprimobot\release\config.sbr
d:\documents\starcraftbots\opprimobot-master\scprojects\opprimobot\release\cthread.sbr
d:\documents\starcraftbots\opprimobot-master\scprojects\opprimobot\release\filereaderutils.sbr
d:\documents\starcraftbots\opprimobot-master\scprojects\opprimobot\release\profiler.sbr
d:\documents\starcraftbots\opprimobot-master\scprojects\opprimobot\release\profiler.obj
d:\documents\starcraftbots\opprimobot-master\scprojects\opprimobot\release\filereaderutils.obj
d:\documents\starcraftbots\opprimobot-master\scprojects\opprimobot\release\cthread.obj
d:\documents\starcraftbots\opprimobot-master\scprojects\opprimobot\release\config.obj
d:\documents\starcraftbots\opprimobot-master\scprojects\opprimobot\release\queenagent.obj
d:\documents\starcraftbots\opprimobot-master\scprojects\opprimobot\release\mutaliskagent.obj
d:\documents\starcraftbots\opprimobot-master\scprojects\opprimobot\release\lurkeragent.obj
d:\documents\starcraftbots\opprimobot-master\scprojects\opprimobot\release\hydraliskagent.obj
d:\documents\starcraftbots\opprimobot-master\scprojects\opprimobot\release\defileragent.obj
d:\documents\starcraftbots\opprimobot-master\scprojects\opprimobot\release\unitagent.obj
d:\documents\starcraftbots\opprimobot-master\scprojects\opprimobot\release\transportagent.obj
d:\documents\starcraftbots\opprimobot-master\scprojects\opprimobot\release\wraithagent.obj
d:\documents\starcraftbots\opprimobot-master\scprojects\opprimobot\release\vultureagent.obj
d:\documents\starcraftbots\opprimobot-master\scprojects\opprimobot\release\siegetankagent.obj
d:\documents\starcraftbots\opprimobot-master\scprojects\opprimobot\release\sciencevesselagent.obj
d:\documents\starcraftbots\opprimobot-master\scprojects\opprimobot\release\medicagent.obj
d:\documents\starcraftbots\opprimobot-master\scprojects\opprimobot\release\marineagent.obj
d:\documents\starcraftbots\opprimobot-master\scprojects\opprimobot\release\ghostagent.obj
d:\documents\starcraftbots\opprimobot-master\scprojects\opprimobot\release\firebatagent.obj
d:\documents\starcraftbots\opprimobot-master\scprojects\opprimobot\release\battlecruiseragent.obj
d:\documents\starcraftbots\opprimobot-master\scprojects\opprimobot\release\profilerobj.sbr
d:\documents\starcraftbots\opprimobot-master\scprojects\opprimobot\release\statistics.sbr
d:\documents\starcraftbots\opprimobot-master\scprojects\opprimobot\release\statistics.obj
d:\documents\starcraftbots\opprimobot-master\scprojects\opprimobot\release\profilerobj.obj
d:\documents\starcraftbots\bwapi-data\ai\opprimobot.dll
d:\documents\starcraftbots\opprimobot-master\scprojects\release\opprimobot.pdb
d:\documents\starcraftbots\opprimobot-master\scprojects\opprimobot\release\opprimobot.lib
d:\documents\starcraftbots\opprimobot-master\scprojects\opprimobot\release\opprimobot.exp
d:\documents\starcraftbots\opprimobot-master\scprojects\opprimobot\release\opprimobot.tlog\bscmake.command.1.tlog
d:\documents\starcraftbots\opprimobot-master\scprojects\opprimobot\release\opprimobot.tlog\bscmake.read.1.tlog
d:\documents\starcraftbots\opprimobot-master\scprojects\opprimobot\release\opprimobot.tlog\bscmake.write.1.tlog
d:\documents\starcraftbots\opprimobot-master\scprojects\opprimobot\release\opprimobot.tlog\cl.command.1.tlog
d:\documents\starcraftbots\opprimobot-master\scprojects\opprimobot\release\opprimobot.tlog\cl.read.1.tlog
d:\documents\starcraftbots\opprimobot-master\scprojects\opprimobot\release\opprimobot.tlog\cl.write.1.tlog
d:\documents\starcraftbots\opprimobot-master\scprojects\opprimobot\release\opprimobot.tlog\link.command.1.tlog
d:\documents\starcraftbots\opprimobot-master\scprojects\opprimobot\release\opprimobot.tlog\link.read.1.tlog
d:\documents\starcraftbots\opprimobot-master\scprojects\opprimobot\release\opprimobot.tlog\link.write.1.tlog
d:\documents\starcraftbots\opprimobot-master\scprojects\opprimobot\release\opprimobot.tlog\opprimobot.write.1u.tlog
