d:\documents\starcraftbots\opprimobot-master\scprojects\opprimobot\debug\vc120.pdb
d:\documents\starcraftbots\opprimobot-master\scprojects\opprimobot\debug\vc120.idb
d:\documents\starcraftbots\opprimobot-master\scprojects\opprimobot\debug\ghostagent.obj
d:\documents\starcraftbots\opprimobot-master\scprojects\opprimobot\debug\marineagent.obj
d:\documents\starcraftbots\opprimobot-master\scprojects\opprimobot\debug\medicagent.obj
d:\documents\starcraftbots\opprimobot-master\scprojects\opprimobot\debug\sciencevesselagent.obj
d:\documents\starcraftbots\opprimobot-master\scprojects\opprimobot\debug\siegetankagent.obj
d:\documents\starcraftbots\opprimobot-master\scprojects\opprimobot\debug\vultureagent.obj
d:\documents\starcraftbots\opprimobot-master\scprojects\opprimobot\debug\wraithagent.obj
d:\documents\starcraftbots\opprimobot-master\scprojects\opprimobot\debug\transportagent.obj
d:\documents\starcraftbots\opprimobot-master\scprojects\opprimobot\debug\unitagent.obj
d:\documents\starcraftbots\opprimobot-master\scprojects\opprimobot\debug\defileragent.obj
d:\documents\starcraftbots\opprimobot-master\scprojects\opprimobot\debug\hydraliskagent.obj
d:\documents\starcraftbots\opprimobot-master\scprojects\opprimobot\debug\lurkeragent.obj
d:\documents\starcraftbots\opprimobot-master\scprojects\opprimobot\debug\mutaliskagent.obj
d:\documents\starcraftbots\opprimobot-master\scprojects\opprimobot\debug\queenagent.obj
d:\documents\starcraftbots\opprimobot-master\scprojects\opprimobot\debug\config.obj
d:\documents\starcraftbots\opprimobot-master\scprojects\opprimobot\debug\cthread.obj
d:\documents\starcraftbots\opprimobot-master\scprojects\opprimobot\debug\filereaderutils.obj
d:\documents\starcraftbots\opprimobot-master\scprojects\opprimobot\debug\profiler.obj
d:\documents\starcraftbots\opprimobot-master\scprojects\opprimobot\debug\profilerobj.obj
d:\documents\starcraftbots\opprimobot-master\scprojects\opprimobot\debug\statistics.obj
d:\documents\starcraftbots\opprimobot-master\scprojects\opprimobot\debug\resourcemanager.obj
d:\documents\starcraftbots\opprimobot-master\scprojects\opprimobot\debug\spottedobject.obj
d:\documents\starcraftbots\opprimobot-master\scprojects\opprimobot\debug\upgrader.obj
d:\documents\starcraftbots\opprimobot-master\scprojects\opprimobot\debug\opprimobot.obj
d:\documents\starcraftbots\opprimobot-master\scprojects\opprimobot\debug\navigationagent.obj
d:\documents\starcraftbots\opprimobot-master\scprojects\opprimobot\debug\pathfinder.obj
d:\documents\starcraftbots\opprimobot-master\scprojects\opprimobot\debug\pathobj.obj
d:\documents\starcraftbots\opprimobot-master\scprojects\opprimobot\debug\pffunctions.obj
d:\documents\starcraftbots\opprimobot-master\scprojects\opprimobot\debug\nexusagent.obj
d:\documents\starcraftbots\opprimobot-master\scprojects\opprimobot\debug\refineryagent.obj
d:\documents\starcraftbots\opprimobot-master\scprojects\opprimobot\debug\structureagent.obj
d:\documents\starcraftbots\opprimobot-master\scprojects\opprimobot\debug\commandcenteragent.obj
d:\documents\starcraftbots\opprimobot-master\scprojects\opprimobot\debug\comsatagent.obj
d:\documents\starcraftbots\opprimobot-master\scprojects\opprimobot\debug\hatcheryagent.obj
d:\documents\starcraftbots\opprimobot-master\scprojects\opprimobot\debug\carrieragent.obj
d:\documents\starcraftbots\opprimobot-master\scprojects\opprimobot\debug\corsairagent.obj
d:\documents\starcraftbots\opprimobot-master\scprojects\opprimobot\debug\hightemplaragent.obj
d:\documents\starcraftbots\opprimobot-master\scprojects\opprimobot\debug\reaveragent.obj
d:\documents\starcraftbots\opprimobot-master\scprojects\opprimobot\debug\battlecruiseragent.obj
d:\documents\starcraftbots\opprimobot-master\scprojects\opprimobot\debug\firebatagent.obj
d:\documents\starcraftbots\opprimobot-master\scprojects\opprimobot\debug\explorationsquad.obj
d:\documents\starcraftbots\opprimobot-master\scprojects\opprimobot\debug\protossmain.obj
d:\documents\starcraftbots\opprimobot-master\scprojects\opprimobot\debug\rushsquad.obj
d:\documents\starcraftbots\opprimobot-master\scprojects\opprimobot\debug\strategyselector.obj
d:\documents\starcraftbots\opprimobot-master\scprojects\opprimobot\debug\terranmain.obj
d:\documents\starcraftbots\opprimobot-master\scprojects\opprimobot\debug\unitsetup.obj
d:\documents\starcraftbots\opprimobot-master\scprojects\opprimobot\debug\lurkerrush.obj
d:\documents\starcraftbots\opprimobot-master\scprojects\opprimobot\debug\zergmain.obj
d:\documents\starcraftbots\opprimobot-master\scprojects\opprimobot\debug\dll.obj
d:\documents\starcraftbots\opprimobot-master\scprojects\opprimobot\debug\mapmanager.obj
d:\documents\starcraftbots\opprimobot-master\scprojects\opprimobot\debug\agentfactory.obj
d:\documents\starcraftbots\opprimobot-master\scprojects\opprimobot\debug\baseagent.obj
d:\documents\starcraftbots\opprimobot-master\scprojects\opprimobot\debug\targetingagent.obj
d:\documents\starcraftbots\opprimobot-master\scprojects\opprimobot\debug\workeragent.obj
d:\documents\starcraftbots\opprimobot-master\scprojects\opprimobot\debug\agentmanager.obj
d:\documents\starcraftbots\opprimobot-master\scprojects\opprimobot\debug\buildingplacer.obj
d:\documents\starcraftbots\opprimobot-master\scprojects\opprimobot\debug\buildplanentry.obj
d:\documents\starcraftbots\opprimobot-master\scprojects\opprimobot\debug\constructor.obj
d:\documents\starcraftbots\opprimobot-master\scprojects\opprimobot\debug\explorationmanager.obj
d:\documents\starcraftbots\opprimobot-master\scprojects\opprimobot\debug\ailoop.obj
d:\documents\starcraftbots\opprimobot-master\scprojects\opprimobot\debug\commander.obj
d:\documents\starcraftbots\opprimobot-master\scprojects\opprimobot\debug\squad.obj
d:\documents\starcraftbots\opprimobot-master\scprojects\opprimobot\debug\opprimobot.tlog\cl.command.1.tlog
d:\documents\starcraftbots\opprimobot-master\scprojects\opprimobot\debug\opprimobot.tlog\cl.read.1.tlog
d:\documents\starcraftbots\opprimobot-master\scprojects\opprimobot\debug\opprimobot.tlog\cl.write.1.tlog
d:\documents\starcraftbots\opprimobot-master\scprojects\opprimobot\debug\opprimobot.tlog\link.command.1.tlog
d:\documents\starcraftbots\opprimobot-master\scprojects\opprimobot\debug\opprimobot.tlog\link.read.1.tlog
d:\documents\starcraftbots\opprimobot-master\scprojects\opprimobot\debug\opprimobot.tlog\link.write.1.tlog
